[debug] [2020-05-24T06:16:56.791Z] ----------------------------------------------------------------------
[debug] [2020-05-24T06:16:56.802Z] Command:       C:\Program Files\nodejs\node.exe C:\Users\Zoldyck\AppData\Roaming\npm\node_modules\firebase-tools\lib\bin\firebase.js init
[debug] [2020-05-24T06:16:56.803Z] CLI Version:   8.4.0
[debug] [2020-05-24T06:16:56.803Z] Platform:      win32
[debug] [2020-05-24T06:16:56.804Z] Node Version:  v12.16.1
[debug] [2020-05-24T06:16:56.807Z] Time:          Sun May 24 2020 08:16:56 GMT+0200 (GMT+02:00)
[debug] [2020-05-24T06:16:56.808Z] ----------------------------------------------------------------------
[debug] [2020-05-24T06:16:56.808Z] 
[debug] [2020-05-24T06:16:56.831Z] > command requires scopes: ["email","openid","https://www.googleapis.com/auth/cloudplatformprojects.readonly","https://www.googleapis.com/auth/firebase","https://www.googleapis.com/auth/cloud-platform"]
[debug] [2020-05-24T06:16:56.833Z] > authorizing via signed-in user
[info] 
     ######## #### ########  ######## ########     ###     ######  ########
     ##        ##  ##     ## ##       ##     ##  ##   ##  ##       ##
     ######    ##  ########  ######   ########  #########  ######  ######
     ##        ##  ##    ##  ##       ##     ## ##     ##       ## ##
     ##       #### ##     ## ######## ########  ##     ##  ######  ########

You're about to initialize a Firebase project in this directory:

  C:\Users\Zoldyck\Desktop\Web-Dev\Angular training\Projets - Personal\Intermediate\QuizApp\QuizApp

Before we get started, keep in mind:

  * You are initializing in an existing Firebase project directory

[info] 
=== Project Setup
[info] 
[info] First, let's associate this project directory with a Firebase project.
[info] You can create multiple project aliases by running firebase use --add, 
[info] but for now we'll just set up a default project.
[info] 
[info] i  .firebaserc already has a default project, using onlineshop-13523. 
[debug] [2020-05-24T06:17:07.285Z] >>> HTTP REQUEST GET https://firebase.googleapis.com/v1beta1/projects/onlineshop-13523  
 
[debug] [2020-05-24T06:17:08.100Z] <<< HTTP RESPONSE 200 {"content-type":"application/json; charset=UTF-8","vary":"X-Origin, Referer, Origin,Accept-Encoding","date":"Sun, 24 May 2020 06:17:08 GMT","server":"ESF","cache-control":"private","x-xss-protection":"0","x-frame-options":"SAMEORIGIN","x-content-type-options":"nosniff","alt-svc":"h3-27=\":443\"; ma=2592000,h3-25=\":443\"; ma=2592000,h3-T050=\":443\"; ma=2592000,h3-Q050=\":443\"; ma=2592000,h3-Q049=\":443\"; ma=2592000,h3-Q048=\":443\"; ma=2592000,h3-Q046=\":443\"; ma=2592000,h3-Q043=\":443\"; ma=2592000,quic=\":443\"; ma=2592000; v=\"46,43\"","accept-ranges":"none","transfer-encoding":"chunked"}
[info] 
=== Hosting Setup
[info] 
[info] Your public directory is the folder (relative to your project directory) that
[info] will contain Hosting assets to be uploaded with firebase deploy. If you
[info] have a build process for your assets, use your build's output directory.
[info] 
